This is pdfTeX, Version 3.141592653-2.6-1.40.24 (TeX Live 2022) (preloaded format=pdflatex 2022.5.31)  9 JUL 2025 16:19
entering extended mode
 restricted \write18 enabled.
 file:line:error style messages enabled.
 %&-line parsing enabled.
**/Users/santiagopardo/Documents/GitHub/eu-political-discrimination/article/main.tex
(/Users/santiagopardo/Documents/GitHub/eu-political-discrimination/article/main.tex
LaTeX2e <2021-11-15> patch level 1
L3 programming layer <2022-02-24> (/usr/local/texlive/2022/texmf-dist/tex/latex/base/article.cls
Document Class: article 2021/10/04 v1.4n Standard LaTeX document class
(/usr/local/texlive/2022/texmf-dist/tex/latex/base/size10.clo
File: size10.clo 2021/10/04 v1.4n Standard LaTeX file (size option)
)
\c@part=\count185
\c@section=\count186
\c@subsection=\count187
\c@subsubsection=\count188
\c@paragraph=\count189
\c@subparagraph=\count190
\c@figure=\count191
\c@table=\count192
\abovecaptionskip=\skip47
\belowcaptionskip=\skip48
\bibindent=\dimen138
) (./preamble.tex (/usr/local/texlive/2022/texmf-dist/tex/latex/tabularray/tabularray.sty (/usr/local/texlive/2022/texmf-dist/tex/latex/l3kernel/expl3.sty
Package: expl3 2022-02-24 L3 programming layer (loader) 
 (/usr/local/texlive/2022/texmf-dist/tex/latex/l3backend/l3backend-pdftex.def
File: l3backend-pdftex.def 2022-02-07 L3 backend support: PDF output (pdfTeX)
\l__color_backend_stack_int=\count193
\l__pdf_internal_box=\box50
))
Package: tabularray 2022-03-01 v2022A Typeset tabulars and arrays with LaTeX3
\l__tblr_a_int=\count194
\l__tblr_c_int=\count195
\l__tblr_r_int=\count196
\l__tblr_d_dim=\dimen139
\l__tblr_h_dim=\dimen140
\l__tblr_o_dim=\dimen141
\l__tblr_p_dim=\dimen142
\l__tblr_q_dim=\dimen143
\l__tblr_r_dim=\dimen144
\l__tblr_s_dim=\dimen145
\l__tblr_t_dim=\dimen146
\l__tblr_v_dim=\dimen147
\l__tblr_w_dim=\dimen148
\l__tblr_a_box=\box51
\l__tblr_b_box=\box52
\l__tblr_c_box=\box53
\l__tblr_d_box=\box54
\g__tblr_table_count_int=\count197
\c@rownum=\count198
\c@colnum=\count199
\c@rowcount=\count266
\c@colcount=\count267
\abovesep=\dimen149
\belowsep=\dimen150
\leftsep=\dimen151
\rightsep=\dimen152
\g_tblr_level_int=\count268
\g__tblr_data_row_key_count_int=\count269
\g__tblr_data_column_key_count_int=\count270
\g__tblr_data_cell_key_count_int=\count271
\g__tblr_array_int=\count272
\l__tblr_key_count_int=\count273
\l__tblr_key_quotient_int=\count274
\l__tblr_key_quotient_two_int=\count275
\l__tblr_key_remainder_int=\count276
\g__tblr_data_str_value_count_int=\count277
\rulewidth=\dimen153
\l__tblr_strut_ht_box=\box55
\l__tblr_strut_dp_box=\box56
\g__tblr_cell_wd_dim=\dimen154
\g__tblr_cell_ht_dim=\dimen155
\g__tblr_cell_head_dim=\dimen156
\g__tblr_cell_foot_dim=\dimen157
\l__column_target_dim=\dimen158
\l__tblr_caption_box=\box57
\l__tblr_caption_left_box=\box58
\l__tblr_row_head_box=\box59
\l__tblr_row_foot_box=\box60
\l__tblr_row_head_foot_dim=\dimen159
\tablewidth=\dimen160
\l__tblr_table_firsthead_box=\box61
\l__tblr_table_middlehead_box=\box62
\l__tblr_table_lasthead_box=\box63
\l__tblr_table_firstfoot_box=\box64
\l__tblr_table_middlefoot_box=\box65
\l__tblr_table_lastfoot_box=\box66
\l__tblr_remain_height_dim=\dimen161
\l__tblr_long_from_int=\count278
\l__tblr_long_to_int=\count279
\l__tblr_curr_i_int=\count280
\l__tblr_prev_i_int=\count281
\l__tblr_table_page_int=\count282
\l__tblr_table_head_box=\box67
\l__tblr_table_foot_box=\box68
\l__tblr_table_head_foot_dim=\dimen162
\l__tblr_table_head_body_foot_dim=\dimen163
\l__tblr_table_box=\box69
\l__tblr_table_hlines_box=\box70
\l__tblr_hline_box=\box71
\l__tblr_row_box=\box72
\l__tblr_col_o_wd_dim=\dimen164
\l__tblr_col_b_wd_dim=\dimen165
\l__tblr_hline_leftskip_dim=\dimen166
\l__tblr_hline_rightskip_dim=\dimen167
\l__tblr_row_ht_dim=\dimen168
\l__tblr_row_dp_dim=\dimen169
\l__tblr_row_abovesep_dim=\dimen170
\l__tblr_row_belowsep_dim=\dimen171
\l__tblr_row_vlines_box=\box73
\l__tblr_vline_box=\box74
\l__tblr_cell_box=\box75
\l__row_upper_dim=\dimen172
\l__row_lower_dim=\dimen173
\l__row_vpace_dim=\dimen174
\l__tblr_vline_aboveskip_dim=\dimen175
\l__tblr_vline_belowskip_dim=\dimen176
\l__tblr_cell_wd_dim=\dimen177
\l__tblr_cell_ht_dim=\dimen178
\l__tblr_diag_box=\box76
) (/usr/local/texlive/2022/texmf-dist/tex/latex/float/float.sty
Package: float 2001/11/08 v1.3d Float enhancements (AL)
\c@float@type=\count283
\float@exts=\toks16
\float@box=\box77
\@float@everytoks=\toks17
\@floatcapt=\box78
) (/usr/local/texlive/2022/texmf-dist/tex/latex/tools/tabularx.sty
Package: tabularx 2020/01/15 v2.11c `tabularx' package (DPC)
 (/usr/local/texlive/2022/texmf-dist/tex/latex/tools/array.sty
Package: array 2021/10/04 v2.5f Tabular extension package (FMi)
\col@sep=\dimen179
\ar@mcellbox=\box79
\extrarowheight=\dimen180
\NC@list=\toks18
\extratabsurround=\skip49
\backup@length=\skip50
\ar@cellbox=\box80
)
\TX@col@width=\dimen181
\TX@old@table=\dimen182
\TX@old@col=\dimen183
\TX@target=\dimen184
\TX@delta=\dimen185
\TX@cols=\count284
\TX@ftn=\toks19
) (/usr/local/texlive/2022/texmf-dist/tex/latex/graphics/graphicx.sty
Package: graphicx 2021/09/16 v1.2d Enhanced LaTeX Graphics (DPC,SPQR)
 (/usr/local/texlive/2022/texmf-dist/tex/latex/graphics/keyval.sty
Package: keyval 2014/10/28 v1.15 key=value parser (DPC)
\KV@toks@=\toks20
) (/usr/local/texlive/2022/texmf-dist/tex/latex/graphics/graphics.sty
Package: graphics 2021/03/04 v1.4d Standard LaTeX Graphics (DPC,SPQR)
 (/usr/local/texlive/2022/texmf-dist/tex/latex/graphics/trig.sty
Package: trig 2021/08/11 v1.11 sin cos tan (DPC)
) (/usr/local/texlive/2022/texmf-dist/tex/latex/graphics-cfg/graphics.cfg
File: graphics.cfg 2016/06/04 v1.11 sample graphics configuration
)
Package graphics Info: Driver file: pdftex.def on input line 107.
 (/usr/local/texlive/2022/texmf-dist/tex/latex/graphics-def/pdftex.def
File: pdftex.def 2020/10/05 v1.2a Graphics/color driver for pdftex
))
\Gin@req@height=\dimen186
\Gin@req@width=\dimen187
) (/usr/local/texlive/2022/texmf-dist/tex/latex/codehigh/codehigh.sty
Package: codehigh 2022-02-07 v2022D Highlight codes and demos with l3regex and lpeg
 (/usr/local/texlive/2022/texmf-dist/tex/latex/l3experimental/l3benchmark/l3benchmark.sty
Package: l3benchmark 2022-02-05 L3 Experimental benchmarking
\g__benchmark_nesting_int=\count285
\g__benchmark_duration_int=\count286
\g__benchmark_time_int=\count287
\g__benchmark_time_a_int=\count288
\g__benchmark_time_b_int=\count289
\g__benchmark_time_c_int=\count290
\g__benchmark_time_d_int=\count291
\g__benchmark_repeat_int=\count292
\g__benchmark_tictoc_int=\count293
) (/usr/local/texlive/2022/texmf-dist/tex/generic/catchfile/catchfile.sty
Package: catchfile 2019/12/09 v1.8 Catch the contents of a file (HO)
 (/usr/local/texlive/2022/texmf-dist/tex/generic/infwarerr/infwarerr.sty
Package: infwarerr 2019/12/03 v1.5 Providing info/warning/error messages (HO)
) (/usr/local/texlive/2022/texmf-dist/tex/generic/ltxcmds/ltxcmds.sty
Package: ltxcmds 2020-05-10 v1.25 LaTeX kernel commands for general use (HO)
) (/usr/local/texlive/2022/texmf-dist/tex/generic/etexcmds/etexcmds.sty
Package: etexcmds 2019/12/15 v1.7 Avoid name clashes with e-TeX commands (HO)
 (/usr/local/texlive/2022/texmf-dist/tex/generic/iftex/iftex.sty
Package: iftex 2022/02/03 v1.0f TeX engine tests
))) (/usr/local/texlive/2022/texmf-dist/tex/latex/xcolor/xcolor.sty
Package: xcolor 2021/10/31 v2.13 LaTeX color extensions (UK)
 (/usr/local/texlive/2022/texmf-dist/tex/latex/graphics-cfg/color.cfg
File: color.cfg 2016/01/02 v1.6 sample color configuration
)
Package xcolor Info: Driver file: pdftex.def on input line 227.
Package xcolor Info: Model `cmy' substituted by `cmy0' on input line 1352.
Package xcolor Info: Model `hsb' substituted by `rgb' on input line 1356.
Package xcolor Info: Model `RGB' extended on input line 1368.
Package xcolor Info: Model `HTML' substituted by `rgb' on input line 1370.
Package xcolor Info: Model `Hsb' substituted by `hsb' on input line 1371.
Package xcolor Info: Model `tHsb' substituted by `hsb' on input line 1372.
Package xcolor Info: Model `HSB' substituted by `hsb' on input line 1373.
Package xcolor Info: Model `Gray' substituted by `gray' on input line 1374.
Package xcolor Info: Model `wave' substituted by `hsb' on input line 1375.
) (/usr/local/texlive/2022/texmf-dist/tex/latex/ninecolors/ninecolors.sty
Package: ninecolors 2022-02-13 vv2022D Select colors with proper color contrast
 (/usr/local/texlive/2022/texmf-dist/tex/latex/l3packages/xparse/xparse.sty
Package: xparse 2022-01-12 L3 Experimental document command parser
)) (/usr/local/texlive/2022/texmf-dist/tex/latex/varwidth/varwidth.sty
Package: varwidth 2009/03/30 ver 0.92;  Variable-width minipages
\@vwid@box=\box81
\sift@deathcycles=\count294
\@vwid@loff=\dimen188
\@vwid@roff=\dimen189
)
\l__codehigh_a_int=\count295
\l__codehigh_b_int=\count296
\l__codehigh_main_boxsep_dim=\dimen190
\g__codehigh_code_box=\box82
\g__codehigh_demo_box=\box83
\l__codehigh_latex_rule_count_int=\count297
\l__codehigh_latex/math_rule_count_int=\count298
\l__codehigh_latex/table_rule_count_int=\count299
\l__codehigh_latex/latex2_rule_count_int=\count300
\l__codehigh_latex/latex3_rule_count_int=\count301
\l__codehigh_item_count_int=\count302
) (/usr/local/texlive/2022/texmf-dist/tex/latex/parskip/parskip.sty
Package: parskip 2021-03-14 v2.0h non-zero parskip adjustments
 (/usr/local/texlive/2022/texmf-dist/tex/latex/kvoptions/kvoptions.sty
Package: kvoptions 2020-10-07 v3.14 Key value format for package options (HO)
 (/usr/local/texlive/2022/texmf-dist/tex/generic/kvsetkeys/kvsetkeys.sty
Package: kvsetkeys 2019/12/15 v1.18 Key value parser (HO)
)) (/usr/local/texlive/2022/texmf-dist/tex/latex/etoolbox/etoolbox.sty
Package: etoolbox 2020/10/05 v2.5k e-TeX tools for LaTeX (JAW)
\etb@tempcnta=\count303
)) (/usr/local/texlive/2022/texmf-dist/tex/generic/ulem/ulem.sty
\UL@box=\box84
\UL@hyphenbox=\box85
\UL@skip=\skip51
\UL@hook=\toks21
\UL@height=\dimen191
\UL@pe=\count304
\UL@pixel=\dimen192
\ULC@box=\box86
Package: ulem 2019/11/18
\ULdepth=\dimen193
) (/usr/local/texlive/2022/texmf-dist/tex/latex/preprint/authblk.sty
Package: authblk 2001/02/27 1.3 (PWD)
\affilsep=\skip52
\@affilsep=\skip53
\c@Maxaffil=\count305
\c@authors=\count306
\c@affil=\count307
) (/usr/local/texlive/2022/texmf-dist/tex/latex/ragged2e/ragged2e.sty
Package: ragged2e 2021/12/15 v3.1 ragged2e Package
\CenteringLeftskip=\skip54
\RaggedLeftLeftskip=\skip55
\RaggedRightLeftskip=\skip56
\CenteringRightskip=\skip57
\RaggedLeftRightskip=\skip58
\RaggedRightRightskip=\skip59
\CenteringParfillskip=\skip60
\RaggedLeftParfillskip=\skip61
\RaggedRightParfillskip=\skip62
\JustifyingParfillskip=\skip63
\CenteringParindent=\skip64
\RaggedLeftParindent=\skip65
\RaggedRightParindent=\skip66
\JustifyingParindent=\skip67
) (/usr/local/texlive/2022/texmf-dist/tex/latex/makecell/makecell.sty
Package: makecell 2009/08/03 V0.1e Managing of Tab Column Heads and Cells
\rotheadsize=\dimen194
\c@nlinenum=\count308
\TeXr@lab=\toks22
) (/usr/local/texlive/2022/texmf-dist/tex/latex/hyperref/hyperref.sty
Package: hyperref 2022-02-21 v7.00n Hypertext links for LaTeX
 (/usr/local/texlive/2022/texmf-dist/tex/generic/pdftexcmds/pdftexcmds.sty
Package: pdftexcmds 2020-06-27 v0.33 Utility functions of pdfTeX for LuaTeX (HO)
Package pdftexcmds Info: \pdf@primitive is available.
Package pdftexcmds Info: \pdf@ifprimitive is available.
Package pdftexcmds Info: \pdfdraftmode found.
) (/usr/local/texlive/2022/texmf-dist/tex/generic/kvdefinekeys/kvdefinekeys.sty
Package: kvdefinekeys 2019-12-19 v1.6 Define keys (HO)
) (/usr/local/texlive/2022/texmf-dist/tex/generic/pdfescape/pdfescape.sty
Package: pdfescape 2019/12/09 v1.15 Implements pdfTeX's escape features (HO)
) (/usr/local/texlive/2022/texmf-dist/tex/latex/hycolor/hycolor.sty
Package: hycolor 2020-01-27 v1.10 Color options for hyperref/bookmark (HO)
) (/usr/local/texlive/2022/texmf-dist/tex/latex/letltxmacro/letltxmacro.sty
Package: letltxmacro 2019/12/03 v1.6 Let assignment for LaTeX macros (HO)
) (/usr/local/texlive/2022/texmf-dist/tex/latex/auxhook/auxhook.sty
Package: auxhook 2019-12-17 v1.6 Hooks for auxiliary files (HO)
)
\@linkdim=\dimen195
\Hy@linkcounter=\count309
\Hy@pagecounter=\count310
 (/usr/local/texlive/2022/texmf-dist/tex/latex/hyperref/pd1enc.def
File: pd1enc.def 2022-02-21 v7.00n Hyperref: PDFDocEncoding definition (HO)
Now handling font encoding PD1 ...
... no UTF-8 mapping file for font encoding PD1
) (/usr/local/texlive/2022/texmf-dist/tex/generic/intcalc/intcalc.sty
Package: intcalc 2019/12/15 v1.3 Expandable calculations with integers (HO)
)
\Hy@SavedSpaceFactor=\count311
 (/usr/local/texlive/2022/texmf-dist/tex/latex/hyperref/puenc.def
File: puenc.def 2022-02-21 v7.00n Hyperref: PDF Unicode definition (HO)
Now handling font encoding PU ...
... no UTF-8 mapping file for font encoding PU
)
Package hyperref Info: Hyper figures OFF on input line 4137.
Package hyperref Info: Link nesting OFF on input line 4142.
Package hyperref Info: Hyper index ON on input line 4145.
Package hyperref Info: Plain pages OFF on input line 4152.
Package hyperref Info: Backreferencing OFF on input line 4157.
Package hyperref Info: Implicit mode ON; LaTeX internals redefined.
Package hyperref Info: Bookmarks ON on input line 4390.
\c@Hy@tempcnt=\count312
 (/usr/local/texlive/2022/texmf-dist/tex/latex/url/url.sty
\Urlmuskip=\muskip16
Package: url 2013/09/16  ver 3.4  Verb mode for urls, etc.
)
LaTeX Info: Redefining \url on input line 4749.
\XeTeXLinkMargin=\dimen196
 (/usr/local/texlive/2022/texmf-dist/tex/generic/bitset/bitset.sty
Package: bitset 2019/12/09 v1.3 Handle bit-vector datatype (HO)
 (/usr/local/texlive/2022/texmf-dist/tex/generic/bigintcalc/bigintcalc.sty
Package: bigintcalc 2019/12/15 v1.5 Expandable calculations on big integers (HO)
))
\Fld@menulength=\count313
\Field@Width=\dimen197
\Fld@charsize=\dimen198
Package hyperref Info: Hyper figures OFF on input line 6027.
Package hyperref Info: Link nesting OFF on input line 6032.
Package hyperref Info: Hyper index ON on input line 6035.
Package hyperref Info: backreferencing OFF on input line 6042.
Package hyperref Info: Link coloring OFF on input line 6047.
Package hyperref Info: Link coloring with OCG OFF on input line 6052.
Package hyperref Info: PDF/A mode OFF on input line 6057.
LaTeX Info: Redefining \ref on input line 6097.
LaTeX Info: Redefining \pageref on input line 6101.
 (/usr/local/texlive/2022/texmf-dist/tex/latex/base/atbegshi-ltx.sty
Package: atbegshi-ltx 2021/01/10 v1.0c Emulation of the original atbegshi
package with kernel methods
)
\Hy@abspage=\count314
\c@Item=\count315
\c@Hfootnote=\count316
)
Package hyperref Info: Driver (autodetected): hpdftex.
 (/usr/local/texlive/2022/texmf-dist/tex/latex/hyperref/hpdftex.def
File: hpdftex.def 2022-02-21 v7.00n Hyperref driver for pdfTeX
 (/usr/local/texlive/2022/texmf-dist/tex/latex/base/atveryend-ltx.sty
Package: atveryend-ltx 2020/08/19 v1.0a Emulation of the original atveryend package
with kernel methods
)
\Fld@listcount=\count317
\c@bookmark@seq@number=\count318
 (/usr/local/texlive/2022/texmf-dist/tex/latex/rerunfilecheck/rerunfilecheck.sty
Package: rerunfilecheck 2019/12/05 v1.9 Rerun checks for auxiliary files (HO)
 (/usr/local/texlive/2022/texmf-dist/tex/generic/uniquecounter/uniquecounter.sty
Package: uniquecounter 2019/12/15 v1.4 Provide unlimited unique counter (HO)
)
Package uniquecounter Info: New unique counter `rerunfilecheck' on input line 286.
)
\Hy@SectionHShift=\skip68
)
Package hyperref Info: Option `colorlinks' set `true' on input line 20.
 (/usr/local/texlive/2022/texmf-dist/tex/latex/booktabs/booktabs.sty
Package: booktabs 2020/01/12 v1.61803398 Publication quality tables
\heavyrulewidth=\dimen199
\lightrulewidth=\dimen256
\cmidrulewidth=\dimen257
\belowrulesep=\dimen258
\belowbottomsep=\dimen259
\aboverulesep=\dimen260
\abovetopsep=\dimen261
\cmidrulesep=\dimen262
\cmidrulekern=\dimen263
\defaultaddspace=\dimen264
\@cmidla=\count319
\@cmidlb=\count320
\@aboverulesep=\dimen265
\@belowrulesep=\dimen266
\@thisruleclass=\count321
\@lastruleclass=\count322
\@thisrulewidth=\dimen267
) (/usr/local/texlive/2022/texmf-dist/tex/latex/siunitx/siunitx.sty
Package: siunitx 2022-02-15 v3.0.49 A comprehensive (SI) units package
\l__siunitx_angle_tmp_dim=\dimen268
\l__siunitx_angle_marker_box=\box87
\l__siunitx_angle_unit_box=\box88
\l__siunitx_compound_count_int=\count323
 (/usr/local/texlive/2022/texmf-dist/tex/latex/translations/translations.sty
Package: translations 2022/02/05 v1.12 internationalization of LaTeX2e packages (CN)
)
\l__siunitx_number_exponent_fixed_int=\count324
\l__siunitx_number_min_decimal_int=\count325
\l__siunitx_number_min_integer_int=\count326
\l__siunitx_number_round_precision_int=\count327
\l__siunitx_number_group_minimum_int=\count328
 (/usr/local/texlive/2022/texmf-dist/tex/latex/amsmath/amstext.sty
Package: amstext 2021/08/26 v2.01 AMS text
 (/usr/local/texlive/2022/texmf-dist/tex/latex/amsmath/amsgen.sty
File: amsgen.sty 1999/11/30 v2.0 generic functions
\@emptytoks=\toks23
\ex@=\dimen269
))
\l__siunitx_table_tmp_box=\box89
\l__siunitx_table_tmp_dim=\dimen270
\l__siunitx_table_column_width_dim=\dimen271
\l__siunitx_table_integer_box=\box90
\l__siunitx_table_decimal_box=\box91
\l__siunitx_table_before_box=\box92
\l__siunitx_table_after_box=\box93
\l__siunitx_table_before_dim=\dimen272
\l__siunitx_table_carry_dim=\dimen273
\l__siunitx_unit_tmp_int=\count329
\l__siunitx_unit_position_int=\count330
\l__siunitx_unit_total_int=\count331
 (/usr/local/texlive/2022/texmf-dist/tex/latex/l3packages/l3keys2e/l3keys2e.sty
Package: l3keys2e 2022-01-12 LaTeX2e option processing using LaTeX3 keys
)))
Package translations Info: No language package found. I am going to use `english' as default language. on input line 12.
 (./main.aux)
\openout1 = `main.aux'.

LaTeX Font Info:    Checking defaults for OML/cmm/m/it on input line 12.
LaTeX Font Info:    ... okay on input line 12.
LaTeX Font Info:    Checking defaults for OMS/cmsy/m/n on input line 12.
LaTeX Font Info:    ... okay on input line 12.
LaTeX Font Info:    Checking defaults for OT1/cmr/m/n on input line 12.
LaTeX Font Info:    ... okay on input line 12.
LaTeX Font Info:    Checking defaults for T1/cmr/m/n on input line 12.
LaTeX Font Info:    ... okay on input line 12.
LaTeX Font Info:    Checking defaults for TS1/cmr/m/n on input line 12.
LaTeX Font Info:    ... okay on input line 12.
LaTeX Font Info:    Checking defaults for OMX/cmex/m/n on input line 12.
LaTeX Font Info:    ... okay on input line 12.
LaTeX Font Info:    Checking defaults for U/cmr/m/n on input line 12.
LaTeX Font Info:    ... okay on input line 12.
LaTeX Font Info:    Checking defaults for PD1/pdf/m/n on input line 12.
LaTeX Font Info:    ... okay on input line 12.
LaTeX Font Info:    Checking defaults for PU/pdf/m/n on input line 12.
LaTeX Font Info:    ... okay on input line 12.
 (/usr/local/texlive/2022/texmf-dist/tex/context/base/mkii/supp-pdf.mkii
[Loading MPS to PDF converter (version 2006.09.02).]
\scratchcounter=\count332
\scratchdimen=\dimen274
\scratchbox=\box94
\nofMPsegments=\count333
\nofMParguments=\count334
\everyMPshowfont=\toks24
\MPscratchCnt=\count335
\MPscratchDim=\dimen275
\MPnumerator=\count336
\makeMPintoPDFobject=\count337
\everyMPtoPDFconversion=\toks25
) (/usr/local/texlive/2022/texmf-dist/tex/latex/epstopdf-pkg/epstopdf-base.sty
Package: epstopdf-base 2020-01-24 v2.11 Base part for package epstopdf
Package epstopdf-base Info: Redefining graphics rule for `.eps' on input line 485.
 (/usr/local/texlive/2022/texmf-dist/tex/latex/latexconfig/epstopdf-sys.cfg
File: epstopdf-sys.cfg 2010/07/13 v1.3 Configuration of (r)epstopdf for TeX Live
))
Package hyperref Info: Link coloring ON on input line 12.
 (/usr/local/texlive/2022/texmf-dist/tex/latex/hyperref/nameref.sty
Package: nameref 2021-04-02 v2.47 Cross-referencing by name of section
 (/usr/local/texlive/2022/texmf-dist/tex/latex/refcount/refcount.sty
Package: refcount 2019/12/15 v3.6 Data extraction from label references (HO)
) (/usr/local/texlive/2022/texmf-dist/tex/generic/gettitlestring/gettitlestring.sty
Package: gettitlestring 2019/12/15 v1.6 Cleanup title references (HO)
)
\c@section@level=\count338
)
LaTeX Info: Redefining \ref on input line 12.
LaTeX Info: Redefining \pageref on input line 12.
LaTeX Info: Redefining \nameref on input line 12.
 (./main.out) (./main.out)
\@outlinefile=\write3
\openout3 = `main.out'.

 (/usr/local/texlive/2022/texmf-dist/tex/latex/translations/translations-basic-dictionary-english.trsl
File: translations-basic-dictionary-english.trsl (english translation file `translations-basic-dictionary')
)
Package translations Info: loading dictionary `translations-basic-dictionary' for `english'. on input line 12.
 [1

{/usr/local/texlive/2022/texmf-var/fonts/map/pdftex/updmap/pdftex.map}] [2] [3]
/Users/santiagopardo/Documents/GitHub/eu-political-discrimination/article/main.tex:58: Misplaced alignment tab character &.
l.58 ...cultural exclusion (Oskoii, 2016; Wilkes &
                                                   Wu, 2019; Tyrberg, 2023),...
I can't figure out why you would want to use a tab mark
here. If you just want an ampersand, the remedy is
simple: Just type `I\&' now. But if some right brace
up above has ended a previous alignment prematurely,
you're probably due for more error messages, and you
might try typing `S' now just to see what is salvageable.

[4]
/Users/santiagopardo/Documents/GitHub/eu-political-discrimination/article/main.tex:72: Misplaced alignment tab character &.
l.72 ..., and dehumanization are common (Iyengar &
                                                   Westwood, 2015). This int...
I can't figure out why you would want to use a tab mark
here. If you just want an ampersand, the remedy is
simple: Just type `I\&' now. But if some right brace
up above has ended a previous alignment prematurely,
you're probably due for more error messages, and you
might try typing `S' now just to see what is salvageable.


Overfull \hbox (6.38953pt too wide) in paragraph at lines 80--81
[]\OT1/cmr/m/n/10 The sec-ond mech-a-nism con-cerns the politi-ciza-tion of in-sti-tu-tional per-cep-tion|the
 []

[5]
<viz/theoretical_diagram.png, id=94, 1445.4pt x 813.0375pt>
File: viz/theoretical_diagram.png Graphic file (type png)
<use viz/theoretical_diagram.png>
Package pdftex.def Info: viz/theoretical_diagram.png  used on input line 98.
(pdftex.def)             Requested size: 310.4979pt x 174.65079pt.
 [6 <./viz/theoretical_diagram.png>]
LaTeX Font Info:    External font `cmex10' loaded for size
(Font)              <7> on input line 107.
LaTeX Font Info:    External font `cmex10' loaded for size
(Font)              <5> on input line 107.
LaTeX Font Info:    External font `cmex10' loaded for size
(Font)              <8> on input line 107.
LaTeX Font Info:    External font `cmex10' loaded for size
(Font)              <6> on input line 107.

Overfull \hbox (3.86179pt too wide) in paragraph at lines 109--110
[]\OT1/cmr/m/n/10 The World Jus-tice Project pro-duced sub-na-tional in-for-ma-tion fol-low-ing the frame-
 []

[7] (./tabs/descriptive_stats.tex
> Step: init table outer spec.
> Step: parse table options.
> Step: split table.
> Step: init table inner spec.
> Step: parse table inner spec.
> Step: execute table commands.
> Step: calculate cell and line sizes.
LaTeX Font Info:    Trying to load font information for TS1+cmss on input line 47.
 (/usr/local/texlive/2022/texmf-dist/tex/latex/base/ts1cmss.fd
File: ts1cmss.fd 2019/12/16 v2.5j Standard LaTeX font definitions
)
> Step: build the whole table.
) [8] [9] (./tabs/discrimination_experiences.tex
> Step: init table outer spec.
> Step: parse table options.
> Step: split table.
> Step: init table inner spec.
> Step: parse table inner spec.
> Step: execute table commands.
> Step: calculate cell and line sizes.
> Step: build the whole table.
) [10] [11] [12] [13] [14]
<viz/fig_trust_comparison_naive.png, id=199, 578.16pt x 433.62pt>
File: viz/fig_trust_comparison_naive.png Graphic file (type png)
<use viz/fig_trust_comparison_naive.png>
Package pdftex.def Info: viz/fig_trust_comparison_naive.png  used on input line 239.
(pdftex.def)             Requested size: 310.4979pt x 232.87433pt.
 [15] [16 <./viz/fig_trust_comparison_naive.png>] (./tabs/postmatch_balance.tex
> Step: init table outer spec.
> Step: parse table options.
> Step: split table.
> Step: init table inner spec.
> Step: parse table inner spec.
> Step: execute table commands.
> Step: calculate cell and line sizes.


Package tabularray Warning: Table width is too small, need 1.25528pt more!

> Step: build the whole table.

Overfull \hbox (1.25528pt too wide) in paragraph at lines 39--40
 [][] 
 []

) (./tabs/main_results.tex
> Step: init table outer spec.
> Step: parse table options.
> Step: split table.
> Step: init table inner spec.
> Step: parse table inner spec.
> Step: execute table commands.
> Step: calculate cell and line sizes.
> Step: build the whole table.
) [17] [18] [19]
Overfull \hbox (10.88956pt too wide) in paragraph at lines 278--279
\OT1/cmr/m/n/10 that an un-ob-served con-founder|orthogonal to the cur-rent set of co-vari-ates|would
 []

(./tabs/sensitivity_analysis.tex
> Step: init table outer spec.
> Step: parse table options.
> Step: split table.
> Step: init table inner spec.
> Step: parse table inner spec.
> Step: execute table commands.
> Step: calculate cell and line sizes.
LaTeX Font Info:    External font `cmex10' loaded for size
(Font)              <9> on input line 22.
> Step: build the whole table.
) [20] (./tabs/heterogenous_effects.tex
> Step: init table outer spec.
> Step: parse table options.
> Step: split table.
> Step: init table inner spec.
> Step: parse table inner spec.
> Step: execute table commands.
> Step: calculate cell and line sizes.
<viz/heteffects_1.png, id=249, 60.225pt x 15.05624pt>
File: viz/heteffects_1.png Graphic file (type png)
<use viz/heteffects_1.png>
Package pdftex.def Info: viz/heteffects_1.png  used on input line 22.
(pdftex.def)             Requested size: 33.96744pt x 8.6722pt.
File: viz/heteffects_1.png Graphic file (type png)
<use viz/heteffects_1.png>
Package pdftex.def Info: viz/heteffects_1.png  used on input line 22.
(pdftex.def)             Requested size: 33.96744pt x 8.6722pt.
File: viz/heteffects_1.png Graphic file (type png)
<use viz/heteffects_1.png>
Package pdftex.def Info: viz/heteffects_1.png  used on input line 22.
(pdftex.def)             Requested size: 33.96744pt x 8.6722pt.
<viz/heteffects_2.png, id=250, 60.225pt x 15.05624pt>
File: viz/heteffects_2.png Graphic file (type png)
<use viz/heteffects_2.png>
Package pdftex.def Info: viz/heteffects_2.png  used on input line 22.
(pdftex.def)             Requested size: 33.96744pt x 8.6722pt.
File: viz/heteffects_2.png Graphic file (type png)
<use viz/heteffects_2.png>
Package pdftex.def Info: viz/heteffects_2.png  used on input line 22.
(pdftex.def)             Requested size: 33.96744pt x 8.6722pt.
File: viz/heteffects_2.png Graphic file (type png)
<use viz/heteffects_2.png>
Package pdftex.def Info: viz/heteffects_2.png  used on input line 22.
(pdftex.def)             Requested size: 33.96744pt x 8.6722pt.
> Step: build the whole table.
File: viz/heteffects_1.png Graphic file (type png)
<use viz/heteffects_1.png>
Package pdftex.def Info: viz/heteffects_1.png  used on input line 22.
(pdftex.def)             Requested size: 33.96744pt x 8.6722pt.
File: viz/heteffects_1.png Graphic file (type png)
<use viz/heteffects_1.png>
Package pdftex.def Info: viz/heteffects_1.png  used on input line 22.
(pdftex.def)             Requested size: 33.96744pt x 8.6722pt.
File: viz/heteffects_1.png Graphic file (type png)
<use viz/heteffects_1.png>
Package pdftex.def Info: viz/heteffects_1.png  used on input line 22.
(pdftex.def)             Requested size: 33.96744pt x 8.6722pt.
File: viz/heteffects_2.png Graphic file (type png)
<use viz/heteffects_2.png>
Package pdftex.def Info: viz/heteffects_2.png  used on input line 22.
(pdftex.def)             Requested size: 33.96744pt x 8.6722pt.
File: viz/heteffects_2.png Graphic file (type png)
<use viz/heteffects_2.png>
Package pdftex.def Info: viz/heteffects_2.png  used on input line 22.
(pdftex.def)             Requested size: 33.96744pt x 8.6722pt.
File: viz/heteffects_2.png Graphic file (type png)
<use viz/heteffects_2.png>
Package pdftex.def Info: viz/heteffects_2.png  used on input line 22.
(pdftex.def)             Requested size: 33.96744pt x 8.6722pt.
) (./tabs/het_effects_dissonance.tex
> Step: init table outer spec.
> Step: parse table options.
> Step: split table.
> Step: init table inner spec.
> Step: parse table inner spec.
> Step: execute table commands.
> Step: calculate cell and line sizes.
<viz/heteffects_dissonance_1.png, id=251, 60.225pt x 15.05624pt>
File: viz/heteffects_dissonance_1.png Graphic file (type png)
<use viz/heteffects_dissonance_1.png>
Package pdftex.def Info: viz/heteffects_dissonance_1.png  used on input line 24.
(pdftex.def)             Requested size: 33.96744pt x 8.6722pt.
File: viz/heteffects_dissonance_1.png Graphic file (type png)
<use viz/heteffects_dissonance_1.png>
Package pdftex.def Info: viz/heteffects_dissonance_1.png  used on input line 24.
(pdftex.def)             Requested size: 33.96744pt x 8.6722pt.
File: viz/heteffects_dissonance_1.png Graphic file (type png)
<use viz/heteffects_dissonance_1.png>
Package pdftex.def Info: viz/heteffects_dissonance_1.png  used on input line 24.
(pdftex.def)             Requested size: 33.96744pt x 8.6722pt.
<viz/heteffects_dissonance_2.png, id=252, 60.225pt x 15.05624pt>
File: viz/heteffects_dissonance_2.png Graphic file (type png)
<use viz/heteffects_dissonance_2.png>
Package pdftex.def Info: viz/heteffects_dissonance_2.png  used on input line 24.
(pdftex.def)             Requested size: 33.96744pt x 8.6722pt.
File: viz/heteffects_dissonance_2.png Graphic file (type png)
<use viz/heteffects_dissonance_2.png>
Package pdftex.def Info: viz/heteffects_dissonance_2.png  used on input line 24.
(pdftex.def)             Requested size: 33.96744pt x 8.6722pt.
File: viz/heteffects_dissonance_2.png Graphic file (type png)
<use viz/heteffects_dissonance_2.png>
Package pdftex.def Info: viz/heteffects_dissonance_2.png  used on input line 24.
(pdftex.def)             Requested size: 33.96744pt x 8.6722pt.
<viz/heteffects_dissonance_3.png, id=253, 60.225pt x 15.05624pt>
File: viz/heteffects_dissonance_3.png Graphic file (type png)
<use viz/heteffects_dissonance_3.png>
Package pdftex.def Info: viz/heteffects_dissonance_3.png  used on input line 24.
(pdftex.def)             Requested size: 33.96744pt x 8.6722pt.
File: viz/heteffects_dissonance_3.png Graphic file (type png)
<use viz/heteffects_dissonance_3.png>
Package pdftex.def Info: viz/heteffects_dissonance_3.png  used on input line 24.
(pdftex.def)             Requested size: 33.96744pt x 8.6722pt.
File: viz/heteffects_dissonance_3.png Graphic file (type png)
<use viz/heteffects_dissonance_3.png>
Package pdftex.def Info: viz/heteffects_dissonance_3.png  used on input line 24.
(pdftex.def)             Requested size: 33.96744pt x 8.6722pt.
<viz/heteffects_dissonance_4.png, id=254, 60.225pt x 15.05624pt>
File: viz/heteffects_dissonance_4.png Graphic file (type png)
<use viz/heteffects_dissonance_4.png>
Package pdftex.def Info: viz/heteffects_dissonance_4.png  used on input line 24.
(pdftex.def)             Requested size: 33.96744pt x 8.6722pt.
File: viz/heteffects_dissonance_4.png Graphic file (type png)
<use viz/heteffects_dissonance_4.png>
Package pdftex.def Info: viz/heteffects_dissonance_4.png  used on input line 24.
(pdftex.def)             Requested size: 33.96744pt x 8.6722pt.
File: viz/heteffects_dissonance_4.png Graphic file (type png)
<use viz/heteffects_dissonance_4.png>
Package pdftex.def Info: viz/heteffects_dissonance_4.png  used on input line 24.
(pdftex.def)             Requested size: 33.96744pt x 8.6722pt.


Package tabularray Warning: Table width is too small, need 33.80138pt more!

> Step: build the whole table.
File: viz/heteffects_dissonance_1.png Graphic file (type png)
<use viz/heteffects_dissonance_1.png>
Package pdftex.def Info: viz/heteffects_dissonance_1.png  used on input line 24.
(pdftex.def)             Requested size: 33.96744pt x 8.6722pt.
File: viz/heteffects_dissonance_1.png Graphic file (type png)
<use viz/heteffects_dissonance_1.png>
Package pdftex.def Info: viz/heteffects_dissonance_1.png  used on input line 24.
(pdftex.def)             Requested size: 33.96744pt x 8.6722pt.
File: viz/heteffects_dissonance_1.png Graphic file (type png)
<use viz/heteffects_dissonance_1.png>
Package pdftex.def Info: viz/heteffects_dissonance_1.png  used on input line 24.
(pdftex.def)             Requested size: 33.96744pt x 8